{"meta": {"format": 3, "version": "7.14.0", "timestamp": "2026-05-15T18:20:29.109069", "branch_coverage": false, "show_contexts": false}, "files": {"app\\__init__.py": {"executed_lines": [], "summary": {"covered_lines": 0, "num_statements": 0, "percent_covered": 100.0, "percent_covered_display": "100", "missing_lines": 0, "excluded_lines": 0, "percent_statements_covered": 100.0, "percent_statements_covered_display": "100"}, "missing_lines": [], "excluded_lines": [], "functions": {"": {"executed_lines": [], "summary": {"covered_lines": 0, "num_statements": 0, "percent_covered": 100.0, "percent_covered_display": "100", "missing_lines": 0, "excluded_lines": 0, "percent_statements_covered": 100.0, "percent_statements_covered_display": "100"}, "missing_lines": [], "excluded_lines": [], "start_line": 1}}, "classes": {"": {"executed_lines": [], "summary": {"covered_lines": 0, "num_statements": 0, "percent_covered": 100.0, "percent_covered_display": "100", "missing_lines": 0, "excluded_lines": 0, "percent_statements_covered": 100.0, "percent_statements_covered_display": "100"}, "missing_lines": [], "excluded_lines": [], "start_line": 1}}}, "app\\main.py": {"executed_lines": [1, 2, 3, 4, 6, 7, 9, 10, 11, 14, 15, 20, 27, 28, 29, 32, 78, 95, 100, 111, 112, 114, 118, 124, 125, 129, 135, 136, 138, 145, 146, 147, 153, 154, 155, 165, 166, 180, 181, 183, 184, 185, 186, 188, 189, 190, 192, 194, 195, 196, 198, 206, 208, 209, 210, 217, 220, 221, 235, 236, 237, 239, 240, 241, 243, 244, 245, 246, 247, 248, 249, 257, 258, 259, 260, 262, 263, 264, 269, 270, 274, 275, 277, 287, 289, 290, 292], "summary": {"covered_lines": 87, "num_statements": 93, "percent_covered": 93.54838709677419, "percent_covered_display": "94", "missing_lines": 6, "excluded_lines": 0, "percent_statements_covered": 93.54838709677419, "percent_statements_covered_display": "94"}, "missing_lines": [16, 17, 301, 302, 303, 310], "excluded_lines": [], "functions": {"lifespan": {"executed_lines": [], "summary": {"covered_lines": 0, "num_statements": 2, "percent_covered": 0.0, "percent_covered_display": "0", "missing_lines": 2, "excluded_lines": 0, "percent_statements_covered": 0.0, "percent_statements_covered_display": "0"}, "missing_lines": [16, 17], "excluded_lines": [], "start_line": 15}, "health": {"executed_lines": [147], "summary": {"covered_lines": 1, "num_statements": 1, "percent_covered": 100.0, "percent_covered_display": "100", "missing_lines": 0, "excluded_lines": 0, "percent_statements_covered": 100.0, "percent_statements_covered_display": "100"}, "missing_lines": [], "excluded_lines": [], "start_line": 146}, "model_info": {"executed_lines": [155], "summary": {"covered_lines": 1, "num_statements": 1, "percent_covered": 100.0, "percent_covered_display": "100", "missing_lines": 0, "excluded_lines": 0, "percent_statements_covered": 100.0, "percent_statements_covered_display": "100"}, "missing_lines": [], "excluded_lines": [], "start_line": 154}, "predict": {"executed_lines": [180, 181, 183, 184, 185, 186, 188, 189, 190, 192, 194, 195, 196, 198, 206, 208, 209, 210, 217], "summary": {"covered_lines": 19, "num_statements": 19, "percent_covered": 100.0, "percent_covered_display": "100", "missing_lines": 0, "excluded_lines": 0, "percent_statements_covered": 100.0, "percent_statements_covered_display": "100"}, "missing_lines": [], "excluded_lines": [], "start_line": 166}, "predict_batch": {"executed_lines": [235, 236, 237, 239, 240, 241, 243, 244, 245, 246, 247, 248, 249, 257, 258, 259, 260, 262, 263, 264, 269, 270, 274, 275, 277, 287, 289, 290, 292], "summary": {"covered_lines": 29, "num_statements": 33, "percent_covered": 87.87878787878788, "percent_covered_display": "88", "missing_lines": 4, "excluded_lines": 0, "percent_statements_covered": 87.87878787878788, "percent_statements_covered_display": "88"}, "missing_lines": [301, 302, 303, 310], "excluded_lines": [], "start_line": 221}, "": {"executed_lines": [1, 2, 3, 4, 6, 7, 9, 10, 11, 14, 15, 20, 27, 28, 29, 32, 78, 95, 100, 111, 112, 114, 118, 124, 125, 129, 135, 136, 138, 145, 146, 153, 154, 165, 166, 220, 221], "summary": {"covered_lines": 37, "num_statements": 37, "percent_covered": 100.0, "percent_covered_display": "100", "missing_lines": 0, "excluded_lines": 0, "percent_statements_covered": 100.0, "percent_statements_covered_display": "100"}, "missing_lines": [], "excluded_lines": [], "start_line": 1}}, "classes": {"PredictRequest": {"executed_lines": [], "summary": {"covered_lines": 0, "num_statements": 0, "percent_covered": 100.0, "percent_covered_display": "100", "missing_lines": 0, "excluded_lines": 0, "percent_statements_covered": 100.0, "percent_statements_covered_display": "100"}, "missing_lines": [], "excluded_lines": [], "start_line": 111}, "BatchClientRequest": {"executed_lines": [], "summary": {"covered_lines": 0, "num_statements": 0, "percent_covered": 100.0, "percent_covered_display": "100", "missing_lines": 0, "excluded_lines": 0, "percent_statements_covered": 100.0, "percent_statements_covered_display": "100"}, "missing_lines": [], "excluded_lines": [], "start_line": 124}, "BatchPredictRequest": {"executed_lines": [], "summary": {"covered_lines": 0, "num_statements": 0, "percent_covered": 100.0, "percent_covered_display": "100", "missing_lines": 0, "excluded_lines": 0, "percent_statements_covered": 100.0, "percent_statements_covered_display": "100"}, "missing_lines": [], "excluded_lines": [], "start_line": 135}, "": {"executed_lines": [1, 2, 3, 4, 6, 7, 9, 10, 11, 14, 15, 20, 27, 28, 29, 32, 78, 95, 100, 111, 112, 114, 118, 124, 125, 129, 135, 136, 138, 145, 146, 147, 153, 154, 155, 165, 166, 180, 181, 183, 184, 185, 186, 188, 189, 190, 192, 194, 195, 196, 198, 206, 208, 209, 210, 217, 220, 221, 235, 236, 237, 239, 240, 241, 243, 244, 245, 246, 247, 248, 249, 257, 258, 259, 260, 262, 263, 264, 269, 270, 274, 275, 277, 287, 289, 290, 292], "summary": {"covered_lines": 87, "num_statements": 93, "percent_covered": 93.54838709677419, "percent_covered_display": "94", "missing_lines": 6, "excluded_lines": 0, "percent_statements_covered": 93.54838709677419, "percent_statements_covered_display": "94"}, "missing_lines": [16, 17, 301, 302, 303, 310], "excluded_lines": [], "start_line": 1}}}, "app\\services\\__init__.py": {"executed_lines": [], "summary": {"covered_lines": 0, "num_statements": 0, "percent_covered": 100.0, "percent_covered_display": "100", "missing_lines": 0, "excluded_lines": 0, "percent_statements_covered": 100.0, "percent_statements_covered_display": "100"}, "missing_lines": [], "excluded_lines": [], "functions": {"": {"executed_lines": [], "summary": {"covered_lines": 0, "num_statements": 0, "percent_covered": 100.0, "percent_covered_display": "100", "missing_lines": 0, "excluded_lines": 0, "percent_statements_covered": 100.0, "percent_statements_covered_display": "100"}, "missing_lines": [], "excluded_lines": [], "start_line": 1}}, "classes": {"": {"executed_lines": [], "summary": {"covered_lines": 0, "num_statements": 0, "percent_covered": 100.0, "percent_covered_display": "100", "missing_lines": 0, "excluded_lines": 0, "percent_statements_covered": 100.0, "percent_statements_covered_display": "100"}, "missing_lines": [], "excluded_lines": [], "start_line": 1}}}, "app\\services\\inference_service.py": {"executed_lines": [1, 2, 3, 4, 6, 7, 9, 10, 11, 12, 15, 16, 17, 18, 19, 20, 22, 23, 24, 26, 27, 29, 30, 31, 32, 34, 35, 38, 39, 42, 44, 45, 47, 50, 51, 55, 58, 60, 61, 63, 66, 69, 72, 75, 78, 84, 90, 93, 95, 96, 98, 116, 117, 118, 120, 121, 122, 123, 125, 127, 128, 129, 130, 132, 133, 134, 136, 138, 148, 149, 152, 153, 154, 155, 156, 158, 159, 160, 161, 162, 173], "summary": {"covered_lines": 81, "num_statements": 101, "percent_covered": 80.1980198019802, "percent_covered_display": "80", "missing_lines": 20, "excluded_lines": 0, "percent_statements_covered": 80.1980198019802, "percent_statements_covered_display": "80"}, "missing_lines": [36, 40, 48, 52, 53, 56, 64, 67, 70, 73, 76, 82, 88, 91, 99, 100, 112, 113, 114, 150], "excluded_lines": [], "functions": {"InferenceService.__init__": {"executed_lines": [17, 18, 19, 20], "summary": {"covered_lines": 4, "num_statements": 4, "percent_covered": 100.0, "percent_covered_display": "100", "missing_lines": 0, "excluded_lines": 0, "percent_statements_covered": 100.0, "percent_statements_covered_display": "100"}, "missing_lines": [], "excluded_lines": [], "start_line": 16}, "InferenceService._load_feature_names": {"executed_lines": [23, 24], "summary": {"covered_lines": 2, "num_statements": 2, "percent_covered": 100.0, "percent_covered_display": "100", "missing_lines": 0, "excluded_lines": 0, "percent_statements_covered": 100.0, "percent_statements_covered_display": "100"}, "missing_lines": [], "excluded_lines": [], "start_line": 22}, "InferenceService._load_metadata": {"executed_lines": [27], "summary": {"covered_lines": 1, "num_statements": 1, "percent_covered": 100.0, "percent_covered_display": "100", "missing_lines": 0, "excluded_lines": 0, "percent_statements_covered": 100.0, "percent_statements_covered_display": "100"}, "missing_lines": [], "excluded_lines": [], "start_line": 26}, "InferenceService.load_model": {"executed_lines": [30, 31, 32], "summary": {"covered_lines": 3, "num_statements": 3, "percent_covered": 100.0, "percent_covered_display": "100", "missing_lines": 0, "excluded_lines": 0, "percent_statements_covered": 100.0, "percent_statements_covered_display": "100"}, "missing_lines": [], "excluded_lines": [], "start_line": 29}, "InferenceService.validate_features": {"executed_lines": [35, 38, 39, 42, 44, 45, 47, 50, 51, 55, 58, 60, 63, 66, 69, 72, 75, 78, 84, 90, 93], "summary": {"covered_lines": 21, "num_statements": 35, "percent_covered": 60.0, "percent_covered_display": "60", "missing_lines": 14, "excluded_lines": 0, "percent_statements_covered": 60.0, "percent_statements_covered_display": "60"}, "missing_lines": [36, 40, 48, 52, 53, 56, 64, 67, 70, 73, 76, 82, 88, 91], "excluded_lines": [], "start_line": 34}, "InferenceService.validate_features.is_present": {"executed_lines": [61], "summary": {"covered_lines": 1, "num_statements": 1, "percent_covered": 100.0, "percent_covered_display": "100", "missing_lines": 0, "excluded_lines": 0, "percent_statements_covered": 100.0, "percent_statements_covered_display": "100"}, "missing_lines": [], "excluded_lines": [], "start_line": 60}, "InferenceService.build_frame": {"executed_lines": [96], "summary": {"covered_lines": 1, "num_statements": 1, "percent_covered": 100.0, "percent_covered_display": "100", "missing_lines": 0, "excluded_lines": 0, "percent_statements_covered": 100.0, "percent_statements_covered_display": "100"}, "missing_lines": [], "excluded_lines": [], "start_line": 95}, "InferenceService.warm_up": {"executed_lines": [], "summary": {"covered_lines": 0, "num_statements": 5, "percent_covered": 0.0, "percent_covered_display": "0", "missing_lines": 5, "excluded_lines": 0, "percent_statements_covered": 0.0, "percent_statements_covered_display": "0"}, "missing_lines": [99, 100, 112, 113, 114], "excluded_lines": [], "start_line": 98}, "InferenceService.build_batch_frame": {"executed_lines": [117, 118, 120, 121, 122, 123, 125], "summary": {"covered_lines": 7, "num_statements": 7, "percent_covered": 100.0, "percent_covered_display": "100", "missing_lines": 0, "excluded_lines": 0, "percent_statements_covered": 100.0, "percent_statements_covered_display": "100"}, "missing_lines": [], "excluded_lines": [], "start_line": 116}, "InferenceService.predict": {"executed_lines": [128, 129, 130, 132, 133, 134, 136, 138], "summary": {"covered_lines": 8, "num_statements": 8, "percent_covered": 100.0, "percent_covered_display": "100", "missing_lines": 0, "excluded_lines": 0, "percent_statements_covered": 100.0, "percent_statements_covered_display": "100"}, "missing_lines": [], "excluded_lines": [], "start_line": 127}, "InferenceService.predict_batch": {"executed_lines": [149, 152, 153, 154, 155, 156, 158, 159, 160, 161, 162, 173], "summary": {"covered_lines": 12, "num_statements": 13, "percent_covered": 92.3076923076923, "percent_covered_display": "92", "missing_lines": 1, "excluded_lines": 0, "percent_statements_covered": 92.3076923076923, "percent_statements_covered_display": "92"}, "missing_lines": [150], "excluded_lines": [], "start_line": 148}, "": {"executed_lines": [1, 2, 3, 4, 6, 7, 9, 10, 11, 12, 15, 16, 22, 26, 29, 34, 95, 98, 116, 127, 148], "summary": {"covered_lines": 21, "num_statements": 21, "percent_covered": 100.0, "percent_covered_display": "100", "missing_lines": 0, "excluded_lines": 0, "percent_statements_covered": 100.0, "percent_statements_covered_display": "100"}, "missing_lines": [], "excluded_lines": [], "start_line": 1}}, "classes": {"InferenceService": {"executed_lines": [17, 18, 19, 20, 23, 24, 27, 30, 31, 32, 35, 38, 39, 42, 44, 45, 47, 50, 51, 55, 58, 60, 61, 63, 66, 69, 72, 75, 78, 84, 90, 93, 96, 117, 118, 120, 121, 122, 123, 125, 128, 129, 130, 132, 133, 134, 136, 138, 149, 152, 153, 154, 155, 156, 158, 159, 160, 161, 162, 173], "summary": {"covered_lines": 60, "num_statements": 80, "percent_covered": 75.0, "percent_covered_display": "75", "missing_lines": 20, "excluded_lines": 0, "percent_statements_covered": 75.0, "percent_statements_covered_display": "75"}, "missing_lines": [36, 40, 48, 52, 53, 56, 64, 67, 70, 73, 76, 82, 88, 91, 99, 100, 112, 113, 114, 150], "excluded_lines": [], "start_line": 15}, "": {"executed_lines": [1, 2, 3, 4, 6, 7, 9, 10, 11, 12, 15, 16, 22, 26, 29, 34, 95, 98, 116, 127, 148], "summary": {"covered_lines": 21, "num_statements": 21, "percent_covered": 100.0, "percent_covered_display": "100", "missing_lines": 0, "excluded_lines": 0, "percent_statements_covered": 100.0, "percent_statements_covered_display": "100"}, "missing_lines": [], "excluded_lines": [], "start_line": 1}}}, "app\\services\\monitoring_service.py": {"executed_lines": [1, 2, 3, 4, 5, 6, 8, 9, 12, 13, 14, 16, 17, 19, 20, 22, 24, 25, 27, 28, 31, 32, 34, 35, 37, 38, 42, 44, 53, 73, 82, 100, 109, 129, 130, 131, 132, 134, 136, 137, 139, 140, 142], "summary": {"covered_lines": 43, "num_statements": 44, "percent_covered": 97.72727272727273, "percent_covered_display": "98", "missing_lines": 1, "excluded_lines": 0, "percent_statements_covered": 97.72727272727273, "percent_statements_covered_display": "98"}, "missing_lines": [29], "excluded_lines": [], "functions": {"MonitoringService.__init__": {"executed_lines": [14], "summary": {"covered_lines": 1, "num_statements": 1, "percent_covered": 100.0, "percent_covered_display": "100", "missing_lines": 0, "excluded_lines": 0, "percent_statements_covered": 100.0, "percent_statements_covered_display": "100"}, "missing_lines": [], "excluded_lines": [], "start_line": 13}, "MonitoringService.create_request_id": {"executed_lines": [17], "summary": {"covered_lines": 1, "num_statements": 1, "percent_covered": 100.0, "percent_covered_display": "100", "missing_lines": 0, "excluded_lines": 0, "percent_statements_covered": 100.0, "percent_statements_covered_display": "100"}, "missing_lines": [], "excluded_lines": [], "start_line": 16}, "MonitoringService.write_event": {"executed_lines": [20, 22, 24, 25], "summary": {"covered_lines": 4, "num_statements": 4, "percent_covered": 100.0, "percent_covered_display": "100", "missing_lines": 0, "excluded_lines": 0, "percent_statements_covered": 100.0, "percent_statements_covered_display": "100"}, "missing_lines": [], "excluded_lines": [], "start_line": 19}, "MonitoringService.write_events": {"executed_lines": [28, 31, 32, 34, 35], "summary": {"covered_lines": 5, "num_statements": 6, "percent_covered": 83.33333333333333, "percent_covered_display": "83", "missing_lines": 1, "excluded_lines": 0, "percent_statements_covered": 83.33333333333333, "percent_statements_covered_display": "83"}, "missing_lines": [29], "excluded_lines": [], "start_line": 27}, "MonitoringService.prepare_event": {"executed_lines": [38, 42], "summary": {"covered_lines": 2, "num_statements": 2, "percent_covered": 100.0, "percent_covered_display": "100", "missing_lines": 0, "excluded_lines": 0, "percent_statements_covered": 100.0, "percent_statements_covered_display": "100"}, "missing_lines": [], "excluded_lines": [], "start_line": 37}, "MonitoringService.log_prediction_success": {"executed_lines": [53], "summary": {"covered_lines": 1, "num_statements": 1, "percent_covered": 100.0, "percent_covered_display": "100", "missing_lines": 0, "excluded_lines": 0, "percent_statements_covered": 100.0, "percent_statements_covered_display": "100"}, "missing_lines": [], "excluded_lines": [], "start_line": 44}, "MonitoringService.build_prediction_success_event": {"executed_lines": [82], "summary": {"covered_lines": 1, "num_statements": 1, "percent_covered": 100.0, "percent_covered_display": "100", "missing_lines": 0, "excluded_lines": 0, "percent_statements_covered": 100.0, "percent_statements_covered_display": "100"}, "missing_lines": [], "excluded_lines": [], "start_line": 73}, "MonitoringService.log_prediction_error": {"executed_lines": [109], "summary": {"covered_lines": 1, "num_statements": 1, "percent_covered": 100.0, "percent_covered_display": "100", "missing_lines": 0, "excluded_lines": 0, "percent_statements_covered": 100.0, "percent_statements_covered_display": "100"}, "missing_lines": [], "excluded_lines": [], "start_line": 100}, "MonitoringService._json_safe": {"executed_lines": [130, 131, 132, 134, 136, 137, 139, 140, 142], "summary": {"covered_lines": 9, "num_statements": 9, "percent_covered": 100.0, "percent_covered_display": "100", "missing_lines": 0, "excluded_lines": 0, "percent_statements_covered": 100.0, "percent_statements_covered_display": "100"}, "missing_lines": [], "excluded_lines": [], "start_line": 129}, "": {"executed_lines": [1, 2, 3, 4, 5, 6, 8, 9, 12, 13, 16, 19, 27, 37, 44, 73, 100, 129], "summary": {"covered_lines": 18, "num_statements": 18, "percent_covered": 100.0, "percent_covered_display": "100", "missing_lines": 0, "excluded_lines": 0, "percent_statements_covered": 100.0, "percent_statements_covered_display": "100"}, "missing_lines": [], "excluded_lines": [], "start_line": 1}}, "classes": {"MonitoringService": {"executed_lines": [14, 17, 20, 22, 24, 25, 28, 31, 32, 34, 35, 38, 42, 53, 82, 109, 130, 131, 132, 134, 136, 137, 139, 140, 142], "summary": {"covered_lines": 25, "num_statements": 26, "percent_covered": 96.15384615384616, "percent_covered_display": "96", "missing_lines": 1, "excluded_lines": 0, "percent_statements_covered": 96.15384615384616, "percent_statements_covered_display": "96"}, "missing_lines": [29], "excluded_lines": [], "start_line": 12}, "": {"executed_lines": [1, 2, 3, 4, 5, 6, 8, 9, 12, 13, 16, 19, 27, 37, 44, 73, 100, 129], "summary": {"covered_lines": 18, "num_statements": 18, "percent_covered": 100.0, "percent_covered_display": "100", "missing_lines": 0, "excluded_lines": 0, "percent_statements_covered": 100.0, "percent_statements_covered_display": "100"}, "missing_lines": [], "excluded_lines": [], "start_line": 1}}}, "app\\services\\preprocessing_service.py": {"executed_lines": [1, 2, 3, 4, 6, 7, 9, 10, 13, 16, 17, 19, 20, 21, 23, 24, 27, 28, 29, 30, 31, 33, 41, 42, 45, 47, 65, 66, 67, 68, 69, 71, 72, 73, 76, 79, 80, 83, 85, 86, 87, 88, 89, 90, 91, 92, 93, 94, 96, 116, 119, 120, 126, 131, 132, 136, 139, 140, 143, 147, 161, 162, 163, 164, 165, 167, 177, 180, 186, 187, 188, 191, 194, 195, 199, 202, 204, 205, 206, 215, 216, 217, 220, 221, 223, 224, 230, 231, 232, 235, 237, 238, 239, 240, 243, 245, 246, 247, 248, 251, 253, 254, 257, 260, 262, 263, 264, 266, 269, 271, 272, 273, 276, 278, 279, 280, 283, 285, 286, 287, 290, 292, 293], "summary": {"covered_lines": 123, "num_statements": 160, "percent_covered": 76.875, "percent_covered_display": "77", "missing_lines": 37, "excluded_lines": 0, "percent_statements_covered": 76.875, "percent_statements_covered_display": "77"}, "missing_lines": [25, 43, 48, 49, 51, 52, 53, 54, 56, 63, 74, 77, 81, 189, 192, 196, 197, 200, 208, 209, 210, 211, 213, 218, 222, 225, 226, 228, 233, 241, 249, 255, 258, 267, 274, 281, 288], "excluded_lines": [], "functions": {"PreprocessingService.__init__": {"executed_lines": [17], "summary": {"covered_lines": 1, "num_statements": 1, "percent_covered": 100.0, "percent_covered_display": "100", "missing_lines": 0, "excluded_lines": 0, "percent_statements_covered": 100.0, "percent_statements_covered_display": "100"}, "missing_lines": [], "excluded_lines": [], "start_line": 16}, "PreprocessingService._load_feature_names": {"executed_lines": [20, 21], "summary": {"covered_lines": 2, "num_statements": 2, "percent_covered": 100.0, "percent_covered_display": "100", "missing_lines": 0, "excluded_lines": 0, "percent_statements_covered": 100.0, "percent_statements_covered_display": "100"}, "missing_lines": [], "excluded_lines": [], "start_line": 19}, "PreprocessingService.transform": {"executed_lines": [24, 27, 28, 29, 30, 31, 33, 41, 42, 45], "summary": {"covered_lines": 10, "num_statements": 12, "percent_covered": 83.33333333333333, "percent_covered_display": "83", "missing_lines": 2, "excluded_lines": 0, "percent_statements_covered": 83.33333333333333, "percent_statements_covered_display": "83"}, "missing_lines": [25, 43], "excluded_lines": [], "start_line": 23}, "PreprocessingService.transform_batch": {"executed_lines": [], "summary": {"covered_lines": 0, "num_statements": 8, "percent_covered": 0.0, "percent_covered_display": "0", "missing_lines": 8, "excluded_lines": 0, "percent_statements_covered": 0.0, "percent_statements_covered_display": "0"}, "missing_lines": [48, 49, 51, 52, 53, 54, 56, 63], "excluded_lines": [], "start_line": 47}, "PreprocessingService._get_application": {"executed_lines": [66, 67, 68, 69], "summary": {"covered_lines": 4, "num_statements": 4, "percent_covered": 100.0, "percent_covered_display": "100", "missing_lines": 0, "excluded_lines": 0, "percent_statements_covered": 100.0, "percent_statements_covered_display": "100"}, "missing_lines": [], "excluded_lines": [], "start_line": 65}, "PreprocessingService._get_records": {"executed_lines": [72, 73, 76, 79, 80, 83], "summary": {"covered_lines": 6, "num_statements": 9, "percent_covered": 66.66666666666667, "percent_covered_display": "67", "missing_lines": 3, "excluded_lines": 0, "percent_statements_covered": 66.66666666666667, "percent_statements_covered_display": "67"}, "missing_lines": [74, 77, 81], "excluded_lines": [], "start_line": 71}, "PreprocessingService._build_application_features": {"executed_lines": [86, 87, 88, 89, 90, 91, 92, 93, 94, 96], "summary": {"covered_lines": 10, "num_statements": 10, "percent_covered": 100.0, "percent_covered_display": "100", "missing_lines": 0, "excluded_lines": 0, "percent_statements_covered": 100.0, "percent_statements_covered_display": "100"}, "missing_lines": [], "excluded_lines": [], "start_line": 85}, "PreprocessingService._build_previous_application_features": {"executed_lines": [119, 120, 126], "summary": {"covered_lines": 3, "num_statements": 3, "percent_covered": 100.0, "percent_covered_display": "100", "missing_lines": 0, "excluded_lines": 0, "percent_statements_covered": 100.0, "percent_statements_covered_display": "100"}, "missing_lines": [], "excluded_lines": [], "start_line": 116}, "PreprocessingService._build_bureau_features": {"executed_lines": [132, 136, 139, 140, 143, 147], "summary": {"covered_lines": 6, "num_statements": 6, "percent_covered": 100.0, "percent_covered_display": "100", "missing_lines": 0, "excluded_lines": 0, "percent_statements_covered": 100.0, "percent_statements_covered_display": "100"}, "missing_lines": [], "excluded_lines": [], "start_line": 131}, "PreprocessingService._build_installment_features": {"executed_lines": [162, 163, 164, 165, 167], "summary": {"covered_lines": 5, "num_statements": 5, "percent_covered": 100.0, "percent_covered_display": "100", "missing_lines": 0, "excluded_lines": 0, "percent_statements_covered": 100.0, "percent_statements_covered_display": "100"}, "missing_lines": [], "excluded_lines": [], "start_line": 161}, "PreprocessingService._build_credit_card_features": {"executed_lines": [180], "summary": {"covered_lines": 1, "num_statements": 1, "percent_covered": 100.0, "percent_covered_display": "100", "missing_lines": 0, "excluded_lines": 0, "percent_statements_covered": 100.0, "percent_statements_covered_display": "100"}, "missing_lines": [], "excluded_lines": [], "start_line": 177}, "PreprocessingService._number": {"executed_lines": [187, 188, 191, 194, 195, 199, 202], "summary": {"covered_lines": 7, "num_statements": 12, "percent_covered": 58.333333333333336, "percent_covered_display": "58", "missing_lines": 5, "excluded_lines": 0, "percent_statements_covered": 58.333333333333336, "percent_statements_covered_display": "58"}, "missing_lines": [189, 192, 196, 197, 200], "excluded_lines": [], "start_line": 186}, "PreprocessingService._get_value": {"executed_lines": [205, 206], "summary": {"covered_lines": 2, "num_statements": 7, "percent_covered": 28.571428571428573, "percent_covered_display": "29", "missing_lines": 5, "excluded_lines": 0, "percent_statements_covered": 28.571428571428573, "percent_statements_covered_display": "29"}, "missing_lines": [208, 209, 210, 211, 213], "excluded_lines": [], "start_line": 204}, "PreprocessingService._encode_gender": {"executed_lines": [216, 217, 220, 221, 223, 224], "summary": {"covered_lines": 6, "num_statements": 11, "percent_covered": 54.54545454545455, "percent_covered_display": "55", "missing_lines": 5, "excluded_lines": 0, "percent_statements_covered": 54.54545454545455, "percent_statements_covered_display": "55"}, "missing_lines": [218, 222, 225, 226, 228], "excluded_lines": [], "start_line": 215}, "PreprocessingService._matches": {"executed_lines": [231, 232, 235], "summary": {"covered_lines": 3, "num_statements": 4, "percent_covered": 75.0, "percent_covered_display": "75", "missing_lines": 1, "excluded_lines": 0, "percent_statements_covered": 75.0, "percent_statements_covered_display": "75"}, "missing_lines": [233], "excluded_lines": [], "start_line": 230}, "PreprocessingService._payment_difference": {"executed_lines": [238, 239, 240, 243], "summary": {"covered_lines": 4, "num_statements": 5, "percent_covered": 80.0, "percent_covered_display": "80", "missing_lines": 1, "excluded_lines": 0, "percent_statements_covered": 80.0, "percent_statements_covered_display": "80"}, "missing_lines": [241], "excluded_lines": [], "start_line": 237}, "PreprocessingService._days_past_due": {"executed_lines": [246, 247, 248, 251], "summary": {"covered_lines": 4, "num_statements": 5, "percent_covered": 80.0, "percent_covered_display": "80", "missing_lines": 1, "excluded_lines": 0, "percent_statements_covered": 80.0, "percent_statements_covered_display": "80"}, "missing_lines": [249], "excluded_lines": [], "start_line": 245}, "PreprocessingService._normalize_days_employed": {"executed_lines": [254, 257, 260], "summary": {"covered_lines": 3, "num_statements": 5, "percent_covered": 60.0, "percent_covered_display": "60", "missing_lines": 2, "excluded_lines": 0, "percent_statements_covered": 60.0, "percent_statements_covered_display": "60"}, "missing_lines": [255, 258], "excluded_lines": [], "start_line": 253}, "PreprocessingService._safe_divide": {"executed_lines": [263, 264, 266, 269], "summary": {"covered_lines": 4, "num_statements": 5, "percent_covered": 80.0, "percent_covered_display": "80", "missing_lines": 1, "excluded_lines": 0, "percent_statements_covered": 80.0, "percent_statements_covered_display": "80"}, "missing_lines": [267], "excluded_lines": [], "start_line": 262}, "PreprocessingService._mean": {"executed_lines": [272, 273, 276], "summary": {"covered_lines": 3, "num_statements": 4, "percent_covered": 75.0, "percent_covered_display": "75", "missing_lines": 1, "excluded_lines": 0, "percent_statements_covered": 75.0, "percent_statements_covered_display": "75"}, "missing_lines": [274], "excluded_lines": [], "start_line": 271}, "PreprocessingService._sum": {"executed_lines": [279, 280, 283], "summary": {"covered_lines": 3, "num_statements": 4, "percent_covered": 75.0, "percent_covered_display": "75", "missing_lines": 1, "excluded_lines": 0, "percent_statements_covered": 75.0, "percent_statements_covered_display": "75"}, "missing_lines": [281], "excluded_lines": [], "start_line": 278}, "PreprocessingService._max": {"executed_lines": [286, 287, 290], "summary": {"covered_lines": 3, "num_statements": 4, "percent_covered": 75.0, "percent_covered_display": "75", "missing_lines": 1, "excluded_lines": 0, "percent_statements_covered": 75.0, "percent_statements_covered_display": "75"}, "missing_lines": [288], "excluded_lines": [], "start_line": 285}, "PreprocessingService._is_missing": {"executed_lines": [293], "summary": {"covered_lines": 1, "num_statements": 1, "percent_covered": 100.0, "percent_covered_display": "100", "missing_lines": 0, "excluded_lines": 0, "percent_statements_covered": 100.0, "percent_statements_covered_display": "100"}, "missing_lines": [], "excluded_lines": [], "start_line": 292}, "": {"executed_lines": [1, 2, 3, 4, 6, 7, 9, 10, 13, 16, 19, 23, 47, 65, 71, 85, 116, 131, 161, 177, 186, 204, 215, 230, 237, 245, 253, 262, 271, 278, 285, 292], "summary": {"covered_lines": 32, "num_statements": 32, "percent_covered": 100.0, "percent_covered_display": "100", "missing_lines": 0, "excluded_lines": 0, "percent_statements_covered": 100.0, "percent_statements_covered_display": "100"}, "missing_lines": [], "excluded_lines": [], "start_line": 1}}, "classes": {"PreprocessingService": {"executed_lines": [17, 20, 21, 24, 27, 28, 29, 30, 31, 33, 41, 42, 45, 66, 67, 68, 69, 72, 73, 76, 79, 80, 83, 86, 87, 88, 89, 90, 91, 92, 93, 94, 96, 119, 120, 126, 132, 136, 139, 140, 143, 147, 162, 163, 164, 165, 167, 180, 187, 188, 191, 194, 195, 199, 202, 205, 206, 216, 217, 220, 221, 223, 224, 231, 232, 235, 238, 239, 240, 243, 246, 247, 248, 251, 254, 257, 260, 263, 264, 266, 269, 272, 273, 276, 279, 280, 283, 286, 287, 290, 293], "summary": {"covered_lines": 91, "num_statements": 128, "percent_covered": 71.09375, "percent_covered_display": "71", "missing_lines": 37, "excluded_lines": 0, "percent_statements_covered": 71.09375, "percent_statements_covered_display": "71"}, "missing_lines": [25, 43, 48, 49, 51, 52, 53, 54, 56, 63, 74, 77, 81, 189, 192, 196, 197, 200, 208, 209, 210, 211, 213, 218, 222, 225, 226, 228, 233, 241, 249, 255, 258, 267, 274, 281, 288], "excluded_lines": [], "start_line": 13}, "": {"executed_lines": [1, 2, 3, 4, 6, 7, 9, 10, 13, 16, 19, 23, 47, 65, 71, 85, 116, 131, 161, 177, 186, 204, 215, 230, 237, 245, 253, 262, 271, 278, 285, 292], "summary": {"covered_lines": 32, "num_statements": 32, "percent_covered": 100.0, "percent_covered_display": "100", "missing_lines": 0, "excluded_lines": 0, "percent_statements_covered": 100.0, "percent_statements_covered_display": "100"}, "missing_lines": [], "excluded_lines": [], "start_line": 1}}}, "scripts\\analyze_monitoring_logs.py": {"executed_lines": [1, 2, 3, 4, 5, 6, 8, 9, 10, 11, 12, 14, 15, 16, 17, 18, 19, 22, 64, 69, 94, 141, 142, 143, 146, 149, 150, 151, 154, 157, 158, 159, 160, 161, 162, 163, 165, 166, 168, 189, 193, 199, 202, 203, 204, 207, 208, 209, 211, 214, 226, 262, 313, 323, 358], "summary": {"covered_lines": 55, "num_statements": 162, "percent_covered": 33.95061728395062, "percent_covered_display": "34", "missing_lines": 107, "excluded_lines": 0, "percent_statements_covered": 33.95061728395062, "percent_statements_covered_display": "34"}, "missing_lines": [23, 26, 32, 38, 43, 49, 55, 61, 65, 66, 70, 71, 73, 74, 75, 76, 78, 79, 80, 81, 83, 84, 86, 88, 89, 91, 95, 116, 118, 119, 120, 122, 123, 124, 125, 127, 128, 129, 130, 131, 132, 133, 135, 136, 138, 144, 152, 200, 205, 215, 216, 218, 219, 220, 221, 223, 227, 228, 230, 231, 232, 234, 235, 236, 237, 239, 240, 241, 242, 244, 245, 254, 267, 268, 269, 271, 272, 280, 285, 287, 288, 296, 300, 301, 303, 314, 315, 316, 320, 324, 325, 326, 327, 328, 330, 331, 333, 334, 335, 336, 338, 349, 351, 352, 353, 355, 359], "excluded_lines": [], "functions": {"parse_args": {"executed_lines": [], "summary": {"covered_lines": 0, "num_statements": 8, "percent_covered": 0.0, "percent_covered_display": "0", "missing_lines": 8, "excluded_lines": 0, "percent_statements_covered": 0.0, "percent_statements_covered_display": "0"}, "missing_lines": [23, 26, 32, 38, 43, 49, 55, 61], "excluded_lines": [], "start_line": 22}, "load_feature_names": {"executed_lines": [], "summary": {"covered_lines": 0, "num_statements": 2, "percent_covered": 0.0, "percent_covered_display": "0", "missing_lines": 2, "excluded_lines": 0, "percent_statements_covered": 0.0, "percent_statements_covered_display": "0"}, "missing_lines": [65, 66], "excluded_lines": [], "start_line": 64}, "load_jsonl": {"executed_lines": [], "summary": {"covered_lines": 0, "num_statements": 16, "percent_covered": 0.0, "percent_covered_display": "0", "missing_lines": 16, "excluded_lines": 0, "percent_statements_covered": 0.0, "percent_statements_covered_display": "0"}, "missing_lines": [70, 71, 73, 74, 75, 76, 78, 79, 80, 81, 83, 84, 86, 88, 89, 91], "excluded_lines": [], "start_line": 69}, "load_postgres_events": {"executed_lines": [], "summary": {"covered_lines": 0, "num_statements": 19, "percent_covered": 0.0, "percent_covered_display": "0", "missing_lines": 19, "excluded_lines": 0, "percent_statements_covered": 0.0, "percent_statements_covered_display": "0"}, "missing_lines": [95, 116, 118, 119, 120, 122, 123, 124, 125, 127, 128, 129, 130, 131, 132, 133, 135, 136, 138], "excluded_lines": [], "start_line": 94}, "percentile": {"executed_lines": [142, 143, 146], "summary": {"covered_lines": 3, "num_statements": 4, "percent_covered": 75.0, "percent_covered_display": "75", "missing_lines": 1, "excluded_lines": 0, "percent_statements_covered": 75.0, "percent_statements_covered_display": "75"}, "missing_lines": [144], "excluded_lines": [], "start_line": 141}, "mean": {"executed_lines": [150, 151, 154], "summary": {"covered_lines": 3, "num_statements": 4, "percent_covered": 75.0, "percent_covered_display": "75", "missing_lines": 1, "excluded_lines": 0, "percent_statements_covered": 75.0, "percent_statements_covered_display": "75"}, "missing_lines": [152], "excluded_lines": [], "start_line": 149}, "summarize_operational_metrics": {"executed_lines": [158, 159, 160, 161, 162, 163, 165, 166, 168], "summary": {"covered_lines": 9, "num_statements": 9, "percent_covered": 100.0, "percent_covered_display": "100", "missing_lines": 0, "excluded_lines": 0, "percent_statements_covered": 100.0, "percent_statements_covered_display": "100"}, "missing_lines": [], "excluded_lines": [], "start_line": 157}, "extract_current_features": {"executed_lines": [193, 199, 202, 203, 204, 207, 208, 209, 211], "summary": {"covered_lines": 9, "num_statements": 11, "percent_covered": 81.81818181818181, "percent_covered_display": "82", "missing_lines": 2, "excluded_lines": 0, "percent_statements_covered": 81.81818181818181, "percent_statements_covered_display": "82"}, "missing_lines": [200, 205], "excluded_lines": [], "start_line": 189}, "load_reference": {"executed_lines": [], "summary": {"covered_lines": 0, "num_statements": 7, "percent_covered": 0.0, "percent_covered_display": "0", "missing_lines": 7, "excluded_lines": 0, "percent_statements_covered": 0.0, "percent_statements_covered_display": "0"}, "missing_lines": [215, 216, 218, 219, 220, 221, 223], "excluded_lines": [], "start_line": 214}, "extract_drift_summary": {"executed_lines": [], "summary": {"covered_lines": 0, "num_statements": 16, "percent_covered": 0.0, "percent_covered_display": "0", "missing_lines": 16, "excluded_lines": 0, "percent_statements_covered": 0.0, "percent_statements_covered_display": "0"}, "missing_lines": [227, 228, 230, 231, 232, 234, 235, 236, 237, 239, 240, 241, 242, 244, 245, 254], "excluded_lines": [], "start_line": 226}, "run_drift_report": {"executed_lines": [], "summary": {"covered_lines": 0, "num_statements": 13, "percent_covered": 0.0, "percent_covered_display": "0", "missing_lines": 13, "excluded_lines": 0, "percent_statements_covered": 0.0, "percent_statements_covered_display": "0"}, "missing_lines": [267, 268, 269, 271, 272, 280, 285, 287, 288, 296, 300, 301, 303], "excluded_lines": [], "start_line": 262}, "write_summary": {"executed_lines": [], "summary": {"covered_lines": 0, "num_statements": 4, "percent_covered": 0.0, "percent_covered_display": "0", "missing_lines": 4, "excluded_lines": 0, "percent_statements_covered": 0.0, "percent_statements_covered_display": "0"}, "missing_lines": [314, 315, 316, 320], "excluded_lines": [], "start_line": 313}, "main": {"executed_lines": [], "summary": {"covered_lines": 0, "num_statements": 17, "percent_covered": 0.0, "percent_covered_display": "0", "missing_lines": 17, "excluded_lines": 0, "percent_statements_covered": 0.0, "percent_statements_covered_display": "0"}, "missing_lines": [324, 325, 326, 327, 328, 330, 331, 333, 334, 335, 336, 338, 349, 351, 352, 353, 355], "excluded_lines": [], "start_line": 323}, "": {"executed_lines": [1, 2, 3, 4, 5, 6, 8, 9, 10, 11, 12, 14, 15, 16, 17, 18, 19, 22, 64, 69, 94, 141, 149, 157, 189, 214, 226, 262, 313, 323, 358], "summary": {"covered_lines": 31, "num_statements": 32, "percent_covered": 96.875, "percent_covered_display": "97", "missing_lines": 1, "excluded_lines": 0, "percent_statements_covered": 96.875, "percent_statements_covered_display": "97"}, "missing_lines": [359], "excluded_lines": [], "start_line": 1}}, "classes": {"": {"executed_lines": [1, 2, 3, 4, 5, 6, 8, 9, 10, 11, 12, 14, 15, 16, 17, 18, 19, 22, 64, 69, 94, 141, 142, 143, 146, 149, 150, 151, 154, 157, 158, 159, 160, 161, 162, 163, 165, 166, 168, 189, 193, 199, 202, 203, 204, 207, 208, 209, 211, 214, 226, 262, 313, 323, 358], "summary": {"covered_lines": 55, "num_statements": 162, "percent_covered": 33.95061728395062, "percent_covered_display": "34", "missing_lines": 107, "excluded_lines": 0, "percent_statements_covered": 33.95061728395062, "percent_statements_covered_display": "34"}, "missing_lines": [23, 26, 32, 38, 43, 49, 55, 61, 65, 66, 70, 71, 73, 74, 75, 76, 78, 79, 80, 81, 83, 84, 86, 88, 89, 91, 95, 116, 118, 119, 120, 122, 123, 124, 125, 127, 128, 129, 130, 131, 132, 133, 135, 136, 138, 144, 152, 200, 205, 215, 216, 218, 219, 220, 221, 223, 227, 228, 230, 231, 232, 234, 235, 236, 237, 239, 240, 241, 242, 244, 245, 254, 267, 268, 269, 271, 272, 280, 285, 287, 288, 296, 300, 301, 303, 314, 315, 316, 320, 324, 325, 326, 327, 328, 330, 331, 333, 334, 335, 336, 338, 349, 351, 352, 353, 355, 359], "excluded_lines": [], "start_line": 1}}}, "scripts\\benchmark_api_performance.py": {"executed_lines": [1, 2, 3, 4, 5, 6, 7, 8, 9, 11, 13, 14, 16, 18, 19, 20, 23, 69, 70, 73, 74, 75, 76, 77, 78, 81, 82, 83, 90, 98, 112, 125, 153, 160, 188, 195, 232, 242, 263], "summary": {"covered_lines": 39, "num_statements": 117, "percent_covered": 33.333333333333336, "percent_covered_display": "33", "missing_lines": 78, "excluded_lines": 0, "percent_statements_covered": 33.333333333333336, "percent_statements_covered_display": "33"}, "missing_lines": [24, 27, 33, 39, 45, 51, 56, 61, 66, 71, 99, 100, 102, 103, 104, 106, 107, 109, 113, 114, 115, 117, 118, 120, 121, 122, 126, 127, 129, 130, 131, 132, 134, 136, 137, 140, 142, 154, 155, 157, 161, 162, 163, 164, 165, 166, 167, 169, 189, 190, 191, 192, 204, 206, 207, 208, 209, 210, 211, 212, 213, 215, 217, 224, 233, 234, 235, 239, 243, 244, 245, 247, 248, 256, 258, 259, 260, 264], "excluded_lines": [], "functions": {"parse_args": {"executed_lines": [], "summary": {"covered_lines": 0, "num_statements": 9, "percent_covered": 0.0, "percent_covered_display": "0", "missing_lines": 9, "excluded_lines": 0, "percent_statements_covered": 0.0, "percent_statements_covered_display": "0"}, "missing_lines": [24, 27, 33, 39, 45, 51, 56, 61, 66], "excluded_lines": [], "start_line": 23}, "percentile": {"executed_lines": [70, 73, 74, 75, 76, 77, 78], "summary": {"covered_lines": 7, "num_statements": 8, "percent_covered": 87.5, "percent_covered_display": "88", "missing_lines": 1, "excluded_lines": 0, "percent_statements_covered": 87.5, "percent_statements_covered_display": "88"}, "missing_lines": [71], "excluded_lines": [], "start_line": 69}, "summarize_values": {"executed_lines": [82, 83, 90], "summary": {"covered_lines": 3, "num_statements": 3, "percent_covered": 100.0, "percent_covered_display": "100", "missing_lines": 0, "excluded_lines": 0, "percent_statements_covered": 100.0, "percent_statements_covered_display": "100"}, "missing_lines": [], "excluded_lines": [], "start_line": 81}, "load_payload": {"executed_lines": [], "summary": {"covered_lines": 0, "num_statements": 8, "percent_covered": 0.0, "percent_covered_display": "0", "missing_lines": 8, "excluded_lines": 0, "percent_statements_covered": 0.0, "percent_statements_covered_display": "0"}, "missing_lines": [99, 100, 102, 103, 104, 106, 107, 109], "excluded_lines": [], "start_line": 98}, "run_batch_request": {"executed_lines": [], "summary": {"covered_lines": 0, "num_statements": 8, "percent_covered": 0.0, "percent_covered_display": "0", "missing_lines": 8, "excluded_lines": 0, "percent_statements_covered": 0.0, "percent_statements_covered_display": "0"}, "missing_lines": [113, 114, 115, 117, 118, 120, 121, 122], "excluded_lines": [], "start_line": 112}, "run_single_requests": {"executed_lines": [], "summary": {"covered_lines": 0, "num_statements": 11, "percent_covered": 0.0, "percent_covered_display": "0", "missing_lines": 11, "excluded_lines": 0, "percent_statements_covered": 0.0, "percent_statements_covered_display": "0"}, "missing_lines": [126, 127, 129, 130, 131, 132, 134, 136, 137, 140, 142], "excluded_lines": [], "start_line": 125}, "run_request": {"executed_lines": [], "summary": {"covered_lines": 0, "num_statements": 3, "percent_covered": 0.0, "percent_covered_display": "0", "missing_lines": 3, "excluded_lines": 0, "percent_statements_covered": 0.0, "percent_statements_covered_display": "0"}, "missing_lines": [154, 155, 157], "excluded_lines": [], "start_line": 153}, "summarize_response": {"executed_lines": [], "summary": {"covered_lines": 0, "num_statements": 8, "percent_covered": 0.0, "percent_covered_display": "0", "missing_lines": 8, "excluded_lines": 0, "percent_statements_covered": 0.0, "percent_statements_covered_display": "0"}, "missing_lines": [161, 162, 163, 164, 165, 166, 167, 169], "excluded_lines": [], "start_line": 160}, "write_profile": {"executed_lines": [], "summary": {"covered_lines": 0, "num_statements": 4, "percent_covered": 0.0, "percent_covered_display": "0", "missing_lines": 4, "excluded_lines": 0, "percent_statements_covered": 0.0, "percent_statements_covered_display": "0"}, "missing_lines": [189, 190, 191, 192], "excluded_lines": [], "start_line": 188}, "run_benchmark": {"executed_lines": [], "summary": {"covered_lines": 0, "num_statements": 12, "percent_covered": 0.0, "percent_covered_display": "0", "missing_lines": 12, "excluded_lines": 0, "percent_statements_covered": 0.0, "percent_statements_covered_display": "0"}, "missing_lines": [204, 206, 207, 208, 209, 210, 211, 212, 213, 215, 217, 224], "excluded_lines": [], "start_line": 195}, "write_summary": {"executed_lines": [], "summary": {"covered_lines": 0, "num_statements": 4, "percent_covered": 0.0, "percent_covered_display": "0", "missing_lines": 4, "excluded_lines": 0, "percent_statements_covered": 0.0, "percent_statements_covered_display": "0"}, "missing_lines": [233, 234, 235, 239], "excluded_lines": [], "start_line": 232}, "main": {"executed_lines": [], "summary": {"covered_lines": 0, "num_statements": 9, "percent_covered": 0.0, "percent_covered_display": "0", "missing_lines": 9, "excluded_lines": 0, "percent_statements_covered": 0.0, "percent_statements_covered_display": "0"}, "missing_lines": [243, 244, 245, 247, 248, 256, 258, 259, 260], "excluded_lines": [], "start_line": 242}, "": {"executed_lines": [1, 2, 3, 4, 5, 6, 7, 8, 9, 11, 13, 14, 16, 18, 19, 20, 23, 69, 81, 98, 112, 125, 153, 160, 188, 195, 232, 242, 263], "summary": {"covered_lines": 29, "num_statements": 30, "percent_covered": 96.66666666666667, "percent_covered_display": "97", "missing_lines": 1, "excluded_lines": 0, "percent_statements_covered": 96.66666666666667, "percent_statements_covered_display": "97"}, "missing_lines": [264], "excluded_lines": [], "start_line": 1}}, "classes": {"": {"executed_lines": [1, 2, 3, 4, 5, 6, 7, 8, 9, 11, 13, 14, 16, 18, 19, 20, 23, 69, 70, 73, 74, 75, 76, 77, 78, 81, 82, 83, 90, 98, 112, 125, 153, 160, 188, 195, 232, 242, 263], "summary": {"covered_lines": 39, "num_statements": 117, "percent_covered": 33.333333333333336, "percent_covered_display": "33", "missing_lines": 78, "excluded_lines": 0, "percent_statements_covered": 33.333333333333336, "percent_statements_covered_display": "33"}, "missing_lines": [24, 27, 33, 39, 45, 51, 56, 61, 66, 71, 99, 100, 102, 103, 104, 106, 107, 109, 113, 114, 115, 117, 118, 120, 121, 122, 126, 127, 129, 130, 131, 132, 134, 136, 137, 140, 142, 154, 155, 157, 161, 162, 163, 164, 165, 166, 167, 169, 189, 190, 191, 192, 204, 206, 207, 208, 209, 210, 211, 212, 213, 215, 217, 224, 233, 234, 235, 239, 243, 244, 245, 247, 248, 256, 258, 259, 260, 264], "excluded_lines": [], "start_line": 1}}}, "scripts\\import_monitoring_logs_to_postgres.py": {"executed_lines": [1, 2, 3, 4, 5, 6, 8, 9, 11, 12, 13, 16, 37, 38, 41, 42, 43, 46, 47, 51, 54, 56, 59, 60, 63, 147, 155], "summary": {"covered_lines": 27, "num_statements": 55, "percent_covered": 49.09090909090909, "percent_covered_display": "49", "missing_lines": 28, "excluded_lines": 0, "percent_statements_covered": 49.09090909090909, "percent_statements_covered_display": "49"}, "missing_lines": [17, 18, 24, 29, 34, 39, 44, 48, 49, 52, 69, 70, 72, 112, 134, 135, 136, 137, 139, 140, 142, 144, 148, 149, 150, 151, 152, 156], "excluded_lines": [], "functions": {"parse_args": {"executed_lines": [], "summary": {"covered_lines": 0, "num_statements": 5, "percent_covered": 0.0, "percent_covered_display": "0", "missing_lines": 5, "excluded_lines": 0, "percent_statements_covered": 0.0, "percent_statements_covered_display": "0"}, "missing_lines": [17, 18, 24, 29, 34], "excluded_lines": [], "start_line": 16}, "load_jsonl": {"executed_lines": [38, 41, 42, 43, 46, 47, 51, 54, 56], "summary": {"covered_lines": 9, "num_statements": 14, "percent_covered": 64.28571428571429, "percent_covered_display": "64", "missing_lines": 5, "excluded_lines": 0, "percent_statements_covered": 64.28571428571429, "percent_statements_covered_display": "64"}, "missing_lines": [39, 44, 48, 49, 52], "excluded_lines": [], "start_line": 37}, "parse_timestamp": {"executed_lines": [60], "summary": {"covered_lines": 1, "num_statements": 1, "percent_covered": 100.0, "percent_covered_display": "100", "missing_lines": 0, "excluded_lines": 0, "percent_statements_covered": 100.0, "percent_statements_covered_display": "100"}, "missing_lines": [], "excluded_lines": [], "start_line": 59}, "insert_events": {"executed_lines": [], "summary": {"covered_lines": 0, "num_statements": 12, "percent_covered": 0.0, "percent_covered_display": "0", "missing_lines": 12, "excluded_lines": 0, "percent_statements_covered": 0.0, "percent_statements_covered_display": "0"}, "missing_lines": [69, 70, 72, 112, 134, 135, 136, 137, 139, 140, 142, 144], "excluded_lines": [], "start_line": 63}, "main": {"executed_lines": [], "summary": {"covered_lines": 0, "num_statements": 5, "percent_covered": 0.0, "percent_covered_display": "0", "missing_lines": 5, "excluded_lines": 0, "percent_statements_covered": 0.0, "percent_statements_covered_display": "0"}, "missing_lines": [148, 149, 150, 151, 152], "excluded_lines": [], "start_line": 147}, "": {"executed_lines": [1, 2, 3, 4, 5, 6, 8, 9, 11, 12, 13, 16, 37, 59, 63, 147, 155], "summary": {"covered_lines": 17, "num_statements": 18, "percent_covered": 94.44444444444444, "percent_covered_display": "94", "missing_lines": 1, "excluded_lines": 0, "percent_statements_covered": 94.44444444444444, "percent_statements_covered_display": "94"}, "missing_lines": [156], "excluded_lines": [], "start_line": 1}}, "classes": {"": {"executed_lines": [1, 2, 3, 4, 5, 6, 8, 9, 11, 12, 13, 16, 37, 38, 41, 42, 43, 46, 47, 51, 54, 56, 59, 60, 63, 147, 155], "summary": {"covered_lines": 27, "num_statements": 55, "percent_covered": 49.09090909090909, "percent_covered_display": "49", "missing_lines": 28, "excluded_lines": 0, "percent_statements_covered": 49.09090909090909, "percent_statements_covered_display": "49"}, "missing_lines": [17, 18, 24, 29, 34, 39, 44, 48, 49, 52, 69, 70, 72, 112, 134, 135, 136, 137, 139, 140, 142, 144, 148, 149, 150, 151, 152, 156], "excluded_lines": [], "start_line": 1}}}}, "totals": {"covered_lines": 455, "num_statements": 732, "percent_covered": 62.15846994535519, "percent_covered_display": "62", "missing_lines": 277, "excluded_lines": 0, "percent_statements_covered": 62.15846994535519, "percent_statements_covered_display": "62"}}